2023-01-23 19:10:34.938 DEBUG 20080 --- [restartedMain] .PrePostAnnotationSecurityMetadataSource : @org.springframework.security.access.prepost.PostAuthorize("hasRole(\'ADMIN\') || returnObject.user.username == authentication.name") found on specific method: public com.kingcode.springwebapp.tacoorder.TacoOrder com.kingcode.springwebapp.administrator.OrderAdminService.getOrder(long)
2023-01-23 19:10:34.955 DEBUG 20080 --- [restartedMain] m.DelegatingMethodSecurityMetadataSource : Caching method [CacheKey[com.kingcode.springwebapp.administrator.OrderAdminService; public com.kingcode.springwebapp.tacoorder.TacoOrder com.kingcode.springwebapp.administrator.OrderAdminService.getOrder(long)]] with attributes [[authorize: 'permitAll', filter: 'null', filterTarget: 'null'], [authorize: 'hasRole('ADMIN') || returnObject.user.username == authentication.name', filter: 'null']]
2023-01-23 19:10:34.978 DEBUG 20080 --- [restartedMain] .PrePostAnnotationSecurityMetadataSource : @org.springframework.security.access.prepost.PreAuthorize("hasRole(\'ADMIN\')") found on specific method: public void com.kingcode.springwebapp.administrator.OrderAdminService.deleteAllOrders()
2023-01-23 19:10:34.978 DEBUG 20080 --- [restartedMain] m.DelegatingMethodSecurityMetadataSource : Caching method [CacheKey[com.kingcode.springwebapp.administrator.OrderAdminService; public void com.kingcode.springwebapp.administrator.OrderAdminService.deleteAllOrders()]] with attributes [[authorize: 'hasRole('ADMIN')', filter: 'null', filterTarget: 'null']]
2023-01-23 19:10:35.038  WARN 20080 --- [restartedMain] JpaBaseConfiguration$JpaWebConfiguration : spring.jpa.open-in-view is enabled by default. Therefore, database queries may be performed during view rendering. Explicitly configure spring.jpa.open-in-view to disable this warning
2023-01-23 19:10:36.723 DEBUG 20080 --- [restartedMain] edFilterInvocationSecurityMetadataSource : Adding web access control expression [permitAll] for Ant [pattern='/**', OPTIONS]
2023-01-23 19:10:36.724 DEBUG 20080 --- [restartedMain] edFilterInvocationSecurityMetadataSource : Adding web access control expression [permitAll] for Ant [pattern='/api/**']
2023-01-23 19:10:36.724 DEBUG 20080 --- [restartedMain] edFilterInvocationSecurityMetadataSource : Adding web access control expression [permitAll] for Ant [pattern='/api/ingredients', PATCH]
2023-01-23 19:10:36.724 DEBUG 20080 --- [restartedMain] edFilterInvocationSecurityMetadataSource : Adding web access control expression [permitAll] for Ant [pattern='/**']
2023-01-23 19:10:36.760  INFO 20080 --- [restartedMain] o.s.s.web.DefaultSecurityFilterChain     : Will secure any request with [org.springframework.security.web.context.request.async.WebAsyncManagerIntegrationFilter@35b19498, org.springframework.security.web.context.SecurityContextPersistenceFilter@4b8a8198, org.springframework.security.web.header.HeaderWriterFilter@e7f79c4, org.springframework.security.web.csrf.CsrfFilter@2bd1798d, org.springframework.security.web.authentication.logout.LogoutFilter@22025f46, org.springframework.security.oauth2.client.web.OAuth2AuthorizationRequestRedirectFilter@61a30df6, org.springframework.security.oauth2.client.web.OAuth2LoginAuthenticationFilter@44dbd129, org.springframework.security.web.authentication.UsernamePasswordAuthenticationFilter@6f8b2b53, org.springframework.security.web.authentication.www.BasicAuthenticationFilter@286e5c39, org.springframework.security.web.savedrequest.RequestCacheAwareFilter@28caea20, org.springframework.security.web.servletapi.SecurityContextHolderAwareRequestFilter@2d93f637, org.springframework.security.web.authentication.AnonymousAuthenticationFilter@37c3fa4a, org.springframework.security.web.session.SessionManagementFilter@1699f9f1, org.springframework.security.web.access.ExceptionTranslationFilter@1049cd2f, org.springframework.security.web.access.intercept.FilterSecurityInterceptor@49622078]
2023-01-23 19:10:45.417 DEBUG 20080 --- [http-nio-8080-exec-1] o.s.security.web.FilterChainProxy        : Securing GET /orders
2023-01-23 19:10:45.423 DEBUG 20080 --- [http-nio-8080-exec-1] s.s.w.c.SecurityContextPersistenceFilter : Set SecurityContextHolder to empty SecurityContext
2023-01-23 19:10:45.427 DEBUG 20080 --- [http-nio-8080-exec-1] o.s.s.w.a.AnonymousAuthenticationFilter  : Set SecurityContextHolder to anonymous SecurityContext
2023-01-23 19:10:45.428 DEBUG 20080 --- [http-nio-8080-exec-1] o.s.s.w.session.SessionManagementFilter  : Request requested invalid session id EEEC683765BBB20D8DBA6441B06BB18D
2023-01-23 19:10:45.433 DEBUG 20080 --- [http-nio-8080-exec-1] o.s.s.w.a.i.FilterSecurityInterceptor    : Authorized filter invocation [GET /orders] with attributes [permitAll]
2023-01-23 19:10:45.434 DEBUG 20080 --- [http-nio-8080-exec-1] o.s.security.web.FilterChainProxy        : Secured GET /orders
2023-01-23 19:10:45.454 DEBUG 20080 --- [http-nio-8080-exec-1] w.c.HttpSessionSecurityContextRepository : Did not store anonymous SecurityContext
2023-01-23 19:10:45.456 DEBUG 20080 --- [http-nio-8080-exec-1] w.c.HttpSessionSecurityContextRepository : Did not store anonymous SecurityContext
2023-01-23 19:10:45.456 DEBUG 20080 --- [http-nio-8080-exec-1] s.s.w.c.SecurityContextPersistenceFilter : Cleared SecurityContextHolder to complete request
2023-01-23 19:10:45.461 DEBUG 20080 --- [http-nio-8080-exec-1] o.s.security.web.FilterChainProxy        : Securing GET /error
2023-01-23 19:10:45.462 DEBUG 20080 --- [http-nio-8080-exec-1] s.s.w.c.SecurityContextPersistenceFilter : Set SecurityContextHolder to empty SecurityContext
2023-01-23 19:10:45.462 DEBUG 20080 --- [http-nio-8080-exec-1] o.s.s.w.a.AnonymousAuthenticationFilter  : Set SecurityContextHolder to anonymous SecurityContext
2023-01-23 19:10:45.462 DEBUG 20080 --- [http-nio-8080-exec-1] o.s.security.web.FilterChainProxy        : Secured GET /error
2023-01-23 19:10:45.813 ERROR 20080 --- [http-nio-8080-exec-1] org.thymeleaf.TemplateEngine             : [THYMELEAF][http-nio-8080-exec-1] Exception processing template "index.html": Error resolving template [index.html], template might not exist or might not be accessible by any of the configured Template Resolvers

org.thymeleaf.exceptions.TemplateInputException: Error resolving template [index.html], template might not exist or might not be accessible by any of the configured Template Resolvers
	at org.thymeleaf.engine.TemplateManager.resolveTemplate(TemplateManager.java:869) ~[thymeleaf-3.0.12.RELEASE.jar:3.0.12.RELEASE]
	at org.thymeleaf.engine.TemplateManager.parseAndProcess(TemplateManager.java:607) ~[thymeleaf-3.0.12.RELEASE.jar:3.0.12.RELEASE]
	at org.thymeleaf.TemplateEngine.process(TemplateEngine.java:1098) ~[thymeleaf-3.0.12.RELEASE.jar:3.0.12.RELEASE]
	at org.thymeleaf.TemplateEngine.process(TemplateEngine.java:1072) ~[thymeleaf-3.0.12.RELEASE.jar:3.0.12.RELEASE]
	at org.thymeleaf.spring5.view.ThymeleafView.renderFragment(ThymeleafView.java:366) ~[thymeleaf-spring5-3.0.12.RELEASE.jar:3.0.12.RELEASE]
	at org.thymeleaf.spring5.view.ThymeleafView.render(ThymeleafView.java:190) ~[thymeleaf-spring5-3.0.12.RELEASE.jar:3.0.12.RELEASE]
	at org.springframework.web.servlet.DispatcherServlet.render(DispatcherServlet.java:1397) ~[spring-webmvc-5.3.9.jar:5.3.9]
	at org.springframework.web.servlet.DispatcherServlet.processDispatchResult(DispatcherServlet.java:1142) ~[spring-webmvc-5.3.9.jar:5.3.9]
	at org.springframework.web.servlet.DispatcherServlet.doDispatch(DispatcherServlet.java:1081) ~[spring-webmvc-5.3.9.jar:5.3.9]
	at org.springframework.web.servlet.DispatcherServlet.doService(DispatcherServlet.java:963) ~[spring-webmvc-5.3.9.jar:5.3.9]
	at org.springframework.web.servlet.FrameworkServlet.processRequest(FrameworkServlet.java:1006) ~[spring-webmvc-5.3.9.jar:5.3.9]
	at org.springframework.web.servlet.FrameworkServlet.doGet(FrameworkServlet.java:898) ~[spring-webmvc-5.3.9.jar:5.3.9]
	at javax.servlet.http.HttpServlet.service(HttpServlet.java:655) ~[tomcat-embed-core-9.0.50.jar:4.0.FR]
	at org.springframework.web.servlet.FrameworkServlet.service(FrameworkServlet.java:883) ~[spring-webmvc-5.3.9.jar:5.3.9]
	at javax.servlet.http.HttpServlet.service(HttpServlet.java:764) ~[tomcat-embed-core-9.0.50.jar:4.0.FR]
	at org.apache.catalina.core.ApplicationFilterChain.internalDoFilter(ApplicationFilterChain.java:228) ~[tomcat-embed-core-9.0.50.jar:9.0.50]
	at org.apache.catalina.core.ApplicationFilterChain.doFilter(ApplicationFilterChain.java:163) ~[tomcat-embed-core-9.0.50.jar:9.0.50]
	at org.springframework.security.web.FilterChainProxy$VirtualFilterChain.doFilter(FilterChainProxy.java:327) ~[spring-security-web-5.5.1.jar:5.5.1]
	at org.springframework.security.web.access.intercept.FilterSecurityInterceptor.invoke(FilterSecurityInterceptor.java:106) ~[spring-security-web-5.5.1.jar:5.5.1]
	at org.springframework.security.web.access.intercept.FilterSecurityInterceptor.doFilter(FilterSecurityInterceptor.java:81) ~[spring-security-web-5.5.1.jar:5.5.1]
	at org.springframework.security.web.FilterChainProxy$VirtualFilterChain.doFilter(FilterChainProxy.java:336) ~[spring-security-web-5.5.1.jar:5.5.1]
	at org.springframework.security.web.access.ExceptionTranslationFilter.doFilter(ExceptionTranslationFilter.java:121) ~[spring-security-web-5.5.1.jar:5.5.1]
	at org.springframework.security.web.access.ExceptionTranslationFilter.doFilter(ExceptionTranslationFilter.java:115) ~[spring-security-web-5.5.1.jar:5.5.1]
	at org.springframework.security.web.FilterChainProxy$VirtualFilterChain.doFilter(FilterChainProxy.java:336) ~[spring-security-web-5.5.1.jar:5.5.1]
	at org.springframework.security.web.session.SessionManagementFilter.doFilter(SessionManagementFilter.java:87) ~[spring-security-web-5.5.1.jar:5.5.1]
	at org.springframework.security.web.session.SessionManagementFilter.doFilter(SessionManagementFilter.java:81) ~[spring-security-web-5.5.1.jar:5.5.1]
	at org.springframework.security.web.FilterChainProxy$VirtualFilterChain.doFilter(FilterChainProxy.java:336) ~[spring-security-web-5.5.1.jar:5.5.1]
	at org.springframework.security.web.authentication.AnonymousAuthenticationFilter.doFilter(AnonymousAuthenticationFilter.java:105) ~[spring-security-web-5.5.1.jar:5.5.1]
	at org.springframework.security.web.FilterChainProxy$VirtualFilterChain.doFilter(FilterChainProxy.java:336) ~[spring-security-web-5.5.1.jar:5.5.1]
	at org.springframework.security.web.servletapi.SecurityContextHolderAwareRequestFilter.doFilter(SecurityContextHolderAwareRequestFilter.java:149) ~[spring-security-web-5.5.1.jar:5.5.1]
	at org.springframework.security.web.FilterChainProxy$VirtualFilterChain.doFilter(FilterChainProxy.java:336) ~[spring-security-web-5.5.1.jar:5.5.1]
	at org.springframework.security.web.savedrequest.RequestCacheAwareFilter.doFilter(RequestCacheAwareFilter.java:63) ~[spring-security-web-5.5.1.jar:5.5.1]
	at org.springframework.security.web.FilterChainProxy$VirtualFilterChain.doFilter(FilterChainProxy.java:336) ~[spring-security-web-5.5.1.jar:5.5.1]
	at org.springframework.web.filter.OncePerRequestFilter.doFilter(OncePerRequestFilter.java:103) ~[spring-web-5.3.9.jar:5.3.9]
	at org.springframework.security.web.FilterChainProxy$VirtualFilterChain.doFilter(FilterChainProxy.java:336) ~[spring-security-web-5.5.1.jar:5.5.1]
	at org.springframework.security.web.authentication.AbstractAuthenticationProcessingFilter.doFilter(AbstractAuthenticationProcessingFilter.java:218) ~[spring-security-web-5.5.1.jar:5.5.1]
	at org.springframework.security.web.authentication.AbstractAuthenticationProcessingFilter.doFilter(AbstractAuthenticationProcessingFilter.java:212) ~[spring-security-web-5.5.1.jar:5.5.1]
	at org.springframework.security.web.FilterChainProxy$VirtualFilterChain.doFilter(FilterChainProxy.java:336) ~[spring-security-web-5.5.1.jar:5.5.1]
	at org.springframework.security.web.authentication.AbstractAuthenticationProcessingFilter.doFilter(AbstractAuthenticationProcessingFilter.java:218) ~[spring-security-web-5.5.1.jar:5.5.1]
	at org.springframework.security.web.authentication.AbstractAuthenticationProcessingFilter.doFilter(AbstractAuthenticationProcessingFilter.java:212) ~[spring-security-web-5.5.1.jar:5.5.1]
	at org.springframework.security.web.FilterChainProxy$VirtualFilterChain.doFilter(FilterChainProxy.java:336) ~[spring-security-web-5.5.1.jar:5.5.1]
	at org.springframework.web.filter.OncePerRequestFilter.doFilter(OncePerRequestFilter.java:103) ~[spring-web-5.3.9.jar:5.3.9]
	at org.springframework.security.web.FilterChainProxy$VirtualFilterChain.doFilter(FilterChainProxy.java:336) ~[spring-security-web-5.5.1.jar:5.5.1]
	at org.springframework.security.web.authentication.logout.LogoutFilter.doFilter(LogoutFilter.java:103) ~[spring-security-web-5.5.1.jar:5.5.1]
	at org.springframework.security.web.authentication.logout.LogoutFilter.doFilter(LogoutFilter.java:89) ~[spring-security-web-5.5.1.jar:5.5.1]
	at org.springframework.security.web.FilterChainProxy$VirtualFilterChain.doFilter(FilterChainProxy.java:336) ~[spring-security-web-5.5.1.jar:5.5.1]
	at org.springframework.web.filter.OncePerRequestFilter.doFilter(OncePerRequestFilter.java:103) ~[spring-web-5.3.9.jar:5.3.9]
	at org.springframework.security.web.FilterChainProxy$VirtualFilterChain.doFilter(FilterChainProxy.java:336) ~[spring-security-web-5.5.1.jar:5.5.1]
	at org.springframework.web.filter.OncePerRequestFilter.doFilter(OncePerRequestFilter.java:103) ~[spring-web-5.3.9.jar:5.3.9]
	at org.springframework.security.web.FilterChainProxy$VirtualFilterChain.doFilter(FilterChainProxy.java:336) ~[spring-security-web-5.5.1.jar:5.5.1]
	at org.springframework.security.web.context.SecurityContextPersistenceFilter.doFilter(SecurityContextPersistenceFilter.java:110) ~[spring-security-web-5.5.1.jar:5.5.1]
	at org.springframework.security.web.context.SecurityContextPersistenceFilter.doFilter(SecurityContextPersistenceFilter.java:80) ~[spring-security-web-5.5.1.jar:5.5.1]
	at org.springframework.security.web.FilterChainProxy$VirtualFilterChain.doFilter(FilterChainProxy.java:336) ~[spring-security-web-5.5.1.jar:5.5.1]
	at org.springframework.web.filter.OncePerRequestFilter.doFilter(OncePerRequestFilter.java:103) ~[spring-web-5.3.9.jar:5.3.9]
	at org.springframework.security.web.FilterChainProxy$VirtualFilterChain.doFilter(FilterChainProxy.java:336) ~[spring-security-web-5.5.1.jar:5.5.1]
	at org.springframework.security.web.FilterChainProxy.doFilterInternal(FilterChainProxy.java:211) ~[spring-security-web-5.5.1.jar:5.5.1]
	at org.springframework.security.web.FilterChainProxy.doFilter(FilterChainProxy.java:183) ~[spring-security-web-5.5.1.jar:5.5.1]
	at org.springframework.web.filter.DelegatingFilterProxy.invokeDelegate(DelegatingFilterProxy.java:358) ~[spring-web-5.3.9.jar:5.3.9]
	at org.springframework.web.filter.DelegatingFilterProxy.doFilter(DelegatingFilterProxy.java:271) ~[spring-web-5.3.9.jar:5.3.9]
	at org.apache.catalina.core.ApplicationFilterChain.internalDoFilter(ApplicationFilterChain.java:190) ~[tomcat-embed-core-9.0.50.jar:9.0.50]
	at org.apache.catalina.core.ApplicationFilterChain.doFilter(ApplicationFilterChain.java:163) ~[tomcat-embed-core-9.0.50.jar:9.0.50]
	at org.springframework.web.filter.RequestContextFilter.doFilterInternal(RequestContextFilter.java:100) ~[spring-web-5.3.9.jar:5.3.9]
	at org.springframework.web.filter.OncePerRequestFilter.doFilter(OncePerRequestFilter.java:119) ~[spring-web-5.3.9.jar:5.3.9]
	at org.apache.catalina.core.ApplicationFilterChain.internalDoFilter(ApplicationFilterChain.java:190) ~[tomcat-embed-core-9.0.50.jar:9.0.50]
	at org.apache.catalina.core.ApplicationFilterChain.doFilter(ApplicationFilterChain.java:163) ~[tomcat-embed-core-9.0.50.jar:9.0.50]
	at org.springframework.web.filter.OncePerRequestFilter.doFilter(OncePerRequestFilter.java:103) ~[spring-web-5.3.9.jar:5.3.9]
	at org.apache.catalina.core.ApplicationFilterChain.internalDoFilter(ApplicationFilterChain.java:190) ~[tomcat-embed-core-9.0.50.jar:9.0.50]
	at org.apache.catalina.core.ApplicationFilterChain.doFilter(ApplicationFilterChain.java:163) ~[tomcat-embed-core-9.0.50.jar:9.0.50]
	at org.springframework.web.filter.OncePerRequestFilter.doFilter(OncePerRequestFilter.java:103) ~[spring-web-5.3.9.jar:5.3.9]
	at org.apache.catalina.core.ApplicationFilterChain.internalDoFilter(ApplicationFilterChain.java:190) ~[tomcat-embed-core-9.0.50.jar:9.0.50]
	at org.apache.catalina.core.ApplicationFilterChain.doFilter(ApplicationFilterChain.java:163) ~[tomcat-embed-core-9.0.50.jar:9.0.50]
	at org.apache.catalina.core.ApplicationDispatcher.invoke(ApplicationDispatcher.java:711) ~[tomcat-embed-core-9.0.50.jar:9.0.50]
	at org.apache.catalina.core.ApplicationDispatcher.processRequest(ApplicationDispatcher.java:461) ~[tomcat-embed-core-9.0.50.jar:9.0.50]
	at org.apache.catalina.core.ApplicationDispatcher.doForward(ApplicationDispatcher.java:385) ~[tomcat-embed-core-9.0.50.jar:9.0.50]
	at org.apache.catalina.core.ApplicationDispatcher.forward(ApplicationDispatcher.java:313) ~[tomcat-embed-core-9.0.50.jar:9.0.50]
	at org.apache.catalina.core.StandardHostValve.custom(StandardHostValve.java:398) ~[tomcat-embed-core-9.0.50.jar:9.0.50]
	at org.apache.catalina.core.StandardHostValve.status(StandardHostValve.java:257) ~[tomcat-embed-core-9.0.50.jar:9.0.50]
	at org.apache.catalina.core.StandardHostValve.invoke(StandardHostValve.java:179) ~[tomcat-embed-core-9.0.50.jar:9.0.50]
	at org.apache.catalina.valves.ErrorReportValve.invoke(ErrorReportValve.java:92) ~[tomcat-embed-core-9.0.50.jar:9.0.50]
	at org.apache.catalina.core.StandardEngineValve.invoke(StandardEngineValve.java:78) ~[tomcat-embed-core-9.0.50.jar:9.0.50]
	at org.apache.catalina.connector.CoyoteAdapter.service(CoyoteAdapter.java:357) ~[tomcat-embed-core-9.0.50.jar:9.0.50]
	at org.apache.coyote.http11.Http11Processor.service(Http11Processor.java:382) ~[tomcat-embed-core-9.0.50.jar:9.0.50]
	at org.apache.coyote.AbstractProcessorLight.process(AbstractProcessorLight.java:65) ~[tomcat-embed-core-9.0.50.jar:9.0.50]
	at org.apache.coyote.AbstractProtocol$ConnectionHandler.process(AbstractProtocol.java:893) ~[tomcat-embed-core-9.0.50.jar:9.0.50]
	at org.apache.tomcat.util.net.NioEndpoint$SocketProcessor.doRun(NioEndpoint.java:1723) ~[tomcat-embed-core-9.0.50.jar:9.0.50]
	at org.apache.tomcat.util.net.SocketProcessorBase.run(SocketProcessorBase.java:49) ~[tomcat-embed-core-9.0.50.jar:9.0.50]
	at java.base/java.util.concurrent.ThreadPoolExecutor.runWorker(ThreadPoolExecutor.java:1136) ~[na:na]
	at java.base/java.util.concurrent.ThreadPoolExecutor$Worker.run(ThreadPoolExecutor.java:635) ~[na:na]
	at org.apache.tomcat.util.threads.TaskThread$WrappingRunnable.run(TaskThread.java:61) ~[tomcat-embed-core-9.0.50.jar:9.0.50]
	at java.base/java.lang.Thread.run(Thread.java:833) ~[na:na]

2023-01-23 19:10:45.816 DEBUG 20080 --- [http-nio-8080-exec-1] w.c.HttpSessionSecurityContextRepository : Did not store anonymous SecurityContext
2023-01-23 19:10:45.816 DEBUG 20080 --- [http-nio-8080-exec-1] s.s.w.c.SecurityContextPersistenceFilter : Cleared SecurityContextHolder to complete request
2023-01-23 19:10:45.817 ERROR 20080 --- [http-nio-8080-exec-1] o.a.c.c.C.[.[.[/].[dispatcherServlet]    : Servlet.service() for servlet [dispatcherServlet] threw exception

org.thymeleaf.exceptions.TemplateInputException: Error resolving template [index.html], template might not exist or might not be accessible by any of the configured Template Resolvers
	at org.thymeleaf.engine.TemplateManager.resolveTemplate(TemplateManager.java:869) ~[thymeleaf-3.0.12.RELEASE.jar:3.0.12.RELEASE]
	at org.thymeleaf.engine.TemplateManager.parseAndProcess(TemplateManager.java:607) ~[thymeleaf-3.0.12.RELEASE.jar:3.0.12.RELEASE]
	at org.thymeleaf.TemplateEngine.process(TemplateEngine.java:1098) ~[thymeleaf-3.0.12.RELEASE.jar:3.0.12.RELEASE]
	at org.thymeleaf.TemplateEngine.process(TemplateEngine.java:1072) ~[thymeleaf-3.0.12.RELEASE.jar:3.0.12.RELEASE]
	at org.thymeleaf.spring5.view.ThymeleafView.renderFragment(ThymeleafView.java:366) ~[thymeleaf-spring5-3.0.12.RELEASE.jar:3.0.12.RELEASE]
	at org.thymeleaf.spring5.view.ThymeleafView.render(ThymeleafView.java:190) ~[thymeleaf-spring5-3.0.12.RELEASE.jar:3.0.12.RELEASE]
	at org.springframework.web.servlet.DispatcherServlet.render(DispatcherServlet.java:1397) ~[spring-webmvc-5.3.9.jar:5.3.9]
	at org.springframework.web.servlet.DispatcherServlet.processDispatchResult(DispatcherServlet.java:1142) ~[spring-webmvc-5.3.9.jar:5.3.9]
	at org.springframework.web.servlet.DispatcherServlet.doDispatch(DispatcherServlet.java:1081) ~[spring-webmvc-5.3.9.jar:5.3.9]
	at org.springframework.web.servlet.DispatcherServlet.doService(DispatcherServlet.java:963) ~[spring-webmvc-5.3.9.jar:5.3.9]
	at org.springframework.web.servlet.FrameworkServlet.processRequest(FrameworkServlet.java:1006) ~[spring-webmvc-5.3.9.jar:5.3.9]
	at org.springframework.web.servlet.FrameworkServlet.doGet(FrameworkServlet.java:898) ~[spring-webmvc-5.3.9.jar:5.3.9]
	at javax.servlet.http.HttpServlet.service(HttpServlet.java:655) ~[tomcat-embed-core-9.0.50.jar:4.0.FR]
	at org.springframework.web.servlet.FrameworkServlet.service(FrameworkServlet.java:883) ~[spring-webmvc-5.3.9.jar:5.3.9]
	at javax.servlet.http.HttpServlet.service(HttpServlet.java:764) ~[tomcat-embed-core-9.0.50.jar:4.0.FR]
	at org.apache.catalina.core.ApplicationFilterChain.internalDoFilter(ApplicationFilterChain.java:228) ~[tomcat-embed-core-9.0.50.jar:9.0.50]
	at org.apache.catalina.core.ApplicationFilterChain.doFilter(ApplicationFilterChain.java:163) ~[tomcat-embed-core-9.0.50.jar:9.0.50]
	at org.springframework.security.web.FilterChainProxy$VirtualFilterChain.doFilter(FilterChainProxy.java:327) ~[spring-security-web-5.5.1.jar:5.5.1]
	at org.springframework.security.web.access.intercept.FilterSecurityInterceptor.invoke(FilterSecurityInterceptor.java:106) ~[spring-security-web-5.5.1.jar:5.5.1]
	at org.springframework.security.web.access.intercept.FilterSecurityInterceptor.doFilter(FilterSecurityInterceptor.java:81) ~[spring-security-web-5.5.1.jar:5.5.1]
	at org.springframework.security.web.FilterChainProxy$VirtualFilterChain.doFilter(FilterChainProxy.java:336) ~[spring-security-web-5.5.1.jar:5.5.1]
	at org.springframework.security.web.access.ExceptionTranslationFilter.doFilter(ExceptionTranslationFilter.java:121) ~[spring-security-web-5.5.1.jar:5.5.1]
	at org.springframework.security.web.access.ExceptionTranslationFilter.doFilter(ExceptionTranslationFilter.java:115) ~[spring-security-web-5.5.1.jar:5.5.1]
	at org.springframework.security.web.FilterChainProxy$VirtualFilterChain.doFilter(FilterChainProxy.java:336) ~[spring-security-web-5.5.1.jar:5.5.1]
	at org.springframework.security.web.session.SessionManagementFilter.doFilter(SessionManagementFilter.java:87) ~[spring-security-web-5.5.1.jar:5.5.1]
	at org.springframework.security.web.session.SessionManagementFilter.doFilter(SessionManagementFilter.java:81) ~[spring-security-web-5.5.1.jar:5.5.1]
	at org.springframework.security.web.FilterChainProxy$VirtualFilterChain.doFilter(FilterChainProxy.java:336) ~[spring-security-web-5.5.1.jar:5.5.1]
	at org.springframework.security.web.authentication.AnonymousAuthenticationFilter.doFilter(AnonymousAuthenticationFilter.java:105) ~[spring-security-web-5.5.1.jar:5.5.1]
	at org.springframework.security.web.FilterChainProxy$VirtualFilterChain.doFilter(FilterChainProxy.java:336) ~[spring-security-web-5.5.1.jar:5.5.1]
	at org.springframework.security.web.servletapi.SecurityContextHolderAwareRequestFilter.doFilter(SecurityContextHolderAwareRequestFilter.java:149) ~[spring-security-web-5.5.1.jar:5.5.1]
	at org.springframework.security.web.FilterChainProxy$VirtualFilterChain.doFilter(FilterChainProxy.java:336) ~[spring-security-web-5.5.1.jar:5.5.1]
	at org.springframework.security.web.savedrequest.RequestCacheAwareFilter.doFilter(RequestCacheAwareFilter.java:63) ~[spring-security-web-5.5.1.jar:5.5.1]
	at org.springframework.security.web.FilterChainProxy$VirtualFilterChain.doFilter(FilterChainProxy.java:336) ~[spring-security-web-5.5.1.jar:5.5.1]
	at org.springframework.web.filter.OncePerRequestFilter.doFilter(OncePerRequestFilter.java:103) ~[spring-web-5.3.9.jar:5.3.9]
	at org.springframework.security.web.FilterChainProxy$VirtualFilterChain.doFilter(FilterChainProxy.java:336) ~[spring-security-web-5.5.1.jar:5.5.1]
	at org.springframework.security.web.authentication.AbstractAuthenticationProcessingFilter.doFilter(AbstractAuthenticationProcessingFilter.java:218) ~[spring-security-web-5.5.1.jar:5.5.1]
	at org.springframework.security.web.authentication.AbstractAuthenticationProcessingFilter.doFilter(AbstractAuthenticationProcessingFilter.java:212) ~[spring-security-web-5.5.1.jar:5.5.1]
	at org.springframework.security.web.FilterChainProxy$VirtualFilterChain.doFilter(FilterChainProxy.java:336) ~[spring-security-web-5.5.1.jar:5.5.1]
	at org.springframework.security.web.authentication.AbstractAuthenticationProcessingFilter.doFilter(AbstractAuthenticationProcessingFilter.java:218) ~[spring-security-web-5.5.1.jar:5.5.1]
	at org.springframework.security.web.authentication.AbstractAuthenticationProcessingFilter.doFilter(AbstractAuthenticationProcessingFilter.java:212) ~[spring-security-web-5.5.1.jar:5.5.1]
	at org.springframework.security.web.FilterChainProxy$VirtualFilterChain.doFilter(FilterChainProxy.java:336) ~[spring-security-web-5.5.1.jar:5.5.1]
	at org.springframework.web.filter.OncePerRequestFilter.doFilter(OncePerRequestFilter.java:103) ~[spring-web-5.3.9.jar:5.3.9]
	at org.springframework.security.web.FilterChainProxy$VirtualFilterChain.doFilter(FilterChainProxy.java:336) ~[spring-security-web-5.5.1.jar:5.5.1]
	at org.springframework.security.web.authentication.logout.LogoutFilter.doFilter(LogoutFilter.java:103) ~[spring-security-web-5.5.1.jar:5.5.1]
	at org.springframework.security.web.authentication.logout.LogoutFilter.doFilter(LogoutFilter.java:89) ~[spring-security-web-5.5.1.jar:5.5.1]
	at org.springframework.security.web.FilterChainProxy$VirtualFilterChain.doFilter(FilterChainProxy.java:336) ~[spring-security-web-5.5.1.jar:5.5.1]
	at org.springframework.web.filter.OncePerRequestFilter.doFilter(OncePerRequestFilter.java:103) ~[spring-web-5.3.9.jar:5.3.9]
	at org.springframework.security.web.FilterChainProxy$VirtualFilterChain.doFilter(FilterChainProxy.java:336) ~[spring-security-web-5.5.1.jar:5.5.1]
	at org.springframework.web.filter.OncePerRequestFilter.doFilter(OncePerRequestFilter.java:103) ~[spring-web-5.3.9.jar:5.3.9]
	at org.springframework.security.web.FilterChainProxy$VirtualFilterChain.doFilter(FilterChainProxy.java:336) ~[spring-security-web-5.5.1.jar:5.5.1]
	at org.springframework.security.web.context.SecurityContextPersistenceFilter.doFilter(SecurityContextPersistenceFilter.java:110) ~[spring-security-web-5.5.1.jar:5.5.1]
	at org.springframework.security.web.context.SecurityContextPersistenceFilter.doFilter(SecurityContextPersistenceFilter.java:80) ~[spring-security-web-5.5.1.jar:5.5.1]
	at org.springframework.security.web.FilterChainProxy$VirtualFilterChain.doFilter(FilterChainProxy.java:336) ~[spring-security-web-5.5.1.jar:5.5.1]
	at org.springframework.web.filter.OncePerRequestFilter.doFilter(OncePerRequestFilter.java:103) ~[spring-web-5.3.9.jar:5.3.9]
	at org.springframework.security.web.FilterChainProxy$VirtualFilterChain.doFilter(FilterChainProxy.java:336) ~[spring-security-web-5.5.1.jar:5.5.1]
	at org.springframework.security.web.FilterChainProxy.doFilterInternal(FilterChainProxy.java:211) ~[spring-security-web-5.5.1.jar:5.5.1]
	at org.springframework.security.web.FilterChainProxy.doFilter(FilterChainProxy.java:183) ~[spring-security-web-5.5.1.jar:5.5.1]
	at org.springframework.web.filter.DelegatingFilterProxy.invokeDelegate(DelegatingFilterProxy.java:358) ~[spring-web-5.3.9.jar:5.3.9]
	at org.springframework.web.filter.DelegatingFilterProxy.doFilter(DelegatingFilterProxy.java:271) ~[spring-web-5.3.9.jar:5.3.9]
	at org.apache.catalina.core.ApplicationFilterChain.internalDoFilter(ApplicationFilterChain.java:190) ~[tomcat-embed-core-9.0.50.jar:9.0.50]
	at org.apache.catalina.core.ApplicationFilterChain.doFilter(ApplicationFilterChain.java:163) ~[tomcat-embed-core-9.0.50.jar:9.0.50]
	at org.springframework.web.filter.RequestContextFilter.doFilterInternal(RequestContextFilter.java:100) ~[spring-web-5.3.9.jar:5.3.9]
	at org.springframework.web.filter.OncePerRequestFilter.doFilter(OncePerRequestFilter.java:119) ~[spring-web-5.3.9.jar:5.3.9]
	at org.apache.catalina.core.ApplicationFilterChain.internalDoFilter(ApplicationFilterChain.java:190) ~[tomcat-embed-core-9.0.50.jar:9.0.50]
	at org.apache.catalina.core.ApplicationFilterChain.doFilter(ApplicationFilterChain.java:163) ~[tomcat-embed-core-9.0.50.jar:9.0.50]
	at org.springframework.web.filter.OncePerRequestFilter.doFilter(OncePerRequestFilter.java:103) ~[spring-web-5.3.9.jar:5.3.9]
	at org.apache.catalina.core.ApplicationFilterChain.internalDoFilter(ApplicationFilterChain.java:190) ~[tomcat-embed-core-9.0.50.jar:9.0.50]
	at org.apache.catalina.core.ApplicationFilterChain.doFilter(ApplicationFilterChain.java:163) ~[tomcat-embed-core-9.0.50.jar:9.0.50]
	at org.springframework.web.filter.OncePerRequestFilter.doFilter(OncePerRequestFilter.java:103) ~[spring-web-5.3.9.jar:5.3.9]
	at org.apache.catalina.core.ApplicationFilterChain.internalDoFilter(ApplicationFilterChain.java:190) ~[tomcat-embed-core-9.0.50.jar:9.0.50]
	at org.apache.catalina.core.ApplicationFilterChain.doFilter(ApplicationFilterChain.java:163) ~[tomcat-embed-core-9.0.50.jar:9.0.50]
	at org.apache.catalina.core.ApplicationDispatcher.invoke(ApplicationDispatcher.java:711) ~[tomcat-embed-core-9.0.50.jar:9.0.50]
	at org.apache.catalina.core.ApplicationDispatcher.processRequest(ApplicationDispatcher.java:461) ~[tomcat-embed-core-9.0.50.jar:9.0.50]
	at org.apache.catalina.core.ApplicationDispatcher.doForward(ApplicationDispatcher.java:385) ~[tomcat-embed-core-9.0.50.jar:9.0.50]
	at org.apache.catalina.core.ApplicationDispatcher.forward(ApplicationDispatcher.java:313) ~[tomcat-embed-core-9.0.50.jar:9.0.50]
	at org.apache.catalina.core.StandardHostValve.custom(StandardHostValve.java:398) ~[tomcat-embed-core-9.0.50.jar:9.0.50]
	at org.apache.catalina.core.StandardHostValve.status(StandardHostValve.java:257) ~[tomcat-embed-core-9.0.50.jar:9.0.50]
	at org.apache.catalina.core.StandardHostValve.invoke(StandardHostValve.java:179) ~[tomcat-embed-core-9.0.50.jar:9.0.50]
	at org.apache.catalina.valves.ErrorReportValve.invoke(ErrorReportValve.java:92) ~[tomcat-embed-core-9.0.50.jar:9.0.50]
	at org.apache.catalina.core.StandardEngineValve.invoke(StandardEngineValve.java:78) ~[tomcat-embed-core-9.0.50.jar:9.0.50]
	at org.apache.catalina.connector.CoyoteAdapter.service(CoyoteAdapter.java:357) ~[tomcat-embed-core-9.0.50.jar:9.0.50]
	at org.apache.coyote.http11.Http11Processor.service(Http11Processor.java:382) ~[tomcat-embed-core-9.0.50.jar:9.0.50]
	at org.apache.coyote.AbstractProcessorLight.process(AbstractProcessorLight.java:65) ~[tomcat-embed-core-9.0.50.jar:9.0.50]
	at org.apache.coyote.AbstractProtocol$ConnectionHandler.process(AbstractProtocol.java:893) ~[tomcat-embed-core-9.0.50.jar:9.0.50]
	at org.apache.tomcat.util.net.NioEndpoint$SocketProcessor.doRun(NioEndpoint.java:1723) ~[tomcat-embed-core-9.0.50.jar:9.0.50]
	at org.apache.tomcat.util.net.SocketProcessorBase.run(SocketProcessorBase.java:49) ~[tomcat-embed-core-9.0.50.jar:9.0.50]
	at java.base/java.util.concurrent.ThreadPoolExecutor.runWorker(ThreadPoolExecutor.java:1136) ~[na:na]
	at java.base/java.util.concurrent.ThreadPoolExecutor$Worker.run(ThreadPoolExecutor.java:635) ~[na:na]
	at org.apache.tomcat.util.threads.TaskThread$WrappingRunnable.run(TaskThread.java:61) ~[tomcat-embed-core-9.0.50.jar:9.0.50]
	at java.base/java.lang.Thread.run(Thread.java:833) ~[na:na]

2023-01-23 19:10:45.819 ERROR 20080 --- [http-nio-8080-exec-1] o.a.c.c.C.[Tomcat].[localhost]           : Exception Processing ErrorPage[errorCode=0, location=/error]

org.springframework.web.util.NestedServletException: Request processing failed; nested exception is org.thymeleaf.exceptions.TemplateInputException: Error resolving template [index.html], template might not exist or might not be accessible by any of the configured Template Resolvers
	at org.springframework.web.servlet.FrameworkServlet.processRequest(FrameworkServlet.java:1014) ~[spring-webmvc-5.3.9.jar:5.3.9]
	at org.springframework.web.servlet.FrameworkServlet.doGet(FrameworkServlet.java:898) ~[spring-webmvc-5.3.9.jar:5.3.9]
	at javax.servlet.http.HttpServlet.service(HttpServlet.java:655) ~[tomcat-embed-core-9.0.50.jar:4.0.FR]
	at org.springframework.web.servlet.FrameworkServlet.service(FrameworkServlet.java:883) ~[spring-webmvc-5.3.9.jar:5.3.9]
	at javax.servlet.http.HttpServlet.service(HttpServlet.java:764) ~[tomcat-embed-core-9.0.50.jar:4.0.FR]
	at org.apache.catalina.core.ApplicationFilterChain.internalDoFilter(ApplicationFilterChain.java:228) ~[tomcat-embed-core-9.0.50.jar:9.0.50]
	at org.apache.catalina.core.ApplicationFilterChain.doFilter(ApplicationFilterChain.java:163) ~[tomcat-embed-core-9.0.50.jar:9.0.50]
	at org.springframework.security.web.FilterChainProxy$VirtualFilterChain.doFilter(FilterChainProxy.java:327) ~[spring-security-web-5.5.1.jar:5.5.1]
	at org.springframework.security.web.access.intercept.FilterSecurityInterceptor.invoke(FilterSecurityInterceptor.java:106) ~[spring-security-web-5.5.1.jar:5.5.1]
	at org.springframework.security.web.access.intercept.FilterSecurityInterceptor.doFilter(FilterSecurityInterceptor.java:81) ~[spring-security-web-5.5.1.jar:5.5.1]
	at org.springframework.security.web.FilterChainProxy$VirtualFilterChain.doFilter(FilterChainProxy.java:336) ~[spring-security-web-5.5.1.jar:5.5.1]
	at org.springframework.security.web.access.ExceptionTranslationFilter.doFilter(ExceptionTranslationFilter.java:121) ~[spring-security-web-5.5.1.jar:5.5.1]
	at org.springframework.security.web.access.ExceptionTranslationFilter.doFilter(ExceptionTranslationFilter.java:115) ~[spring-security-web-5.5.1.jar:5.5.1]
	at org.springframework.security.web.FilterChainProxy$VirtualFilterChain.doFilter(FilterChainProxy.java:336) ~[spring-security-web-5.5.1.jar:5.5.1]
	at org.springframework.security.web.session.SessionManagementFilter.doFilter(SessionManagementFilter.java:87) ~[spring-security-web-5.5.1.jar:5.5.1]
	at org.springframework.security.web.session.SessionManagementFilter.doFilter(SessionManagementFilter.java:81) ~[spring-security-web-5.5.1.jar:5.5.1]
	at org.springframework.security.web.FilterChainProxy$VirtualFilterChain.doFilter(FilterChainProxy.java:336) ~[spring-security-web-5.5.1.jar:5.5.1]
	at org.springframework.security.web.authentication.AnonymousAuthenticationFilter.doFilter(AnonymousAuthenticationFilter.java:105) ~[spring-security-web-5.5.1.jar:5.5.1]
	at org.springframework.security.web.FilterChainProxy$VirtualFilterChain.doFilter(FilterChainProxy.java:336) ~[spring-security-web-5.5.1.jar:5.5.1]
	at org.springframework.security.web.servletapi.SecurityContextHolderAwareRequestFilter.doFilter(SecurityContextHolderAwareRequestFilter.java:149) ~[spring-security-web-5.5.1.jar:5.5.1]
	at org.springframework.security.web.FilterChainProxy$VirtualFilterChain.doFilter(FilterChainProxy.java:336) ~[spring-security-web-5.5.1.jar:5.5.1]
	at org.springframework.security.web.savedrequest.RequestCacheAwareFilter.doFilter(RequestCacheAwareFilter.java:63) ~[spring-security-web-5.5.1.jar:5.5.1]
	at org.springframework.security.web.FilterChainProxy$VirtualFilterChain.doFilter(FilterChainProxy.java:336) ~[spring-security-web-5.5.1.jar:5.5.1]
	at org.springframework.web.filter.OncePerRequestFilter.doFilter(OncePerRequestFilter.java:103) ~[spring-web-5.3.9.jar:5.3.9]
	at org.springframework.security.web.FilterChainProxy$VirtualFilterChain.doFilter(FilterChainProxy.java:336) ~[spring-security-web-5.5.1.jar:5.5.1]
	at org.springframework.security.web.authentication.AbstractAuthenticationProcessingFilter.doFilter(AbstractAuthenticationProcessingFilter.java:218) ~[spring-security-web-5.5.1.jar:5.5.1]
	at org.springframework.security.web.authentication.AbstractAuthenticationProcessingFilter.doFilter(AbstractAuthenticationProcessingFilter.java:212) ~[spring-security-web-5.5.1.jar:5.5.1]
	at org.springframework.security.web.FilterChainProxy$VirtualFilterChain.doFilter(FilterChainProxy.java:336) ~[spring-security-web-5.5.1.jar:5.5.1]
	at org.springframework.security.web.authentication.AbstractAuthenticationProcessingFilter.doFilter(AbstractAuthenticationProcessingFilter.java:218) ~[spring-security-web-5.5.1.jar:5.5.1]
	at org.springframework.security.web.authentication.AbstractAuthenticationProcessingFilter.doFilter(AbstractAuthenticationProcessingFilter.java:212) ~[spring-security-web-5.5.1.jar:5.5.1]
	at org.springframework.security.web.FilterChainProxy$VirtualFilterChain.doFilter(FilterChainProxy.java:336) ~[spring-security-web-5.5.1.jar:5.5.1]
	at org.springframework.web.filter.OncePerRequestFilter.doFilter(OncePerRequestFilter.java:103) ~[spring-web-5.3.9.jar:5.3.9]
	at org.springframework.security.web.FilterChainProxy$VirtualFilterChain.doFilter(FilterChainProxy.java:336) ~[spring-security-web-5.5.1.jar:5.5.1]
	at org.springframework.security.web.authentication.logout.LogoutFilter.doFilter(LogoutFilter.java:103) ~[spring-security-web-5.5.1.jar:5.5.1]
	at org.springframework.security.web.authentication.logout.LogoutFilter.doFilter(LogoutFilter.java:89) ~[spring-security-web-5.5.1.jar:5.5.1]
	at org.springframework.security.web.FilterChainProxy$VirtualFilterChain.doFilter(FilterChainProxy.java:336) ~[spring-security-web-5.5.1.jar:5.5.1]
	at org.springframework.web.filter.OncePerRequestFilter.doFilter(OncePerRequestFilter.java:103) ~[spring-web-5.3.9.jar:5.3.9]
	at org.springframework.security.web.FilterChainProxy$VirtualFilterChain.doFilter(FilterChainProxy.java:336) ~[spring-security-web-5.5.1.jar:5.5.1]
	at org.springframework.web.filter.OncePerRequestFilter.doFilter(OncePerRequestFilter.java:103) ~[spring-web-5.3.9.jar:5.3.9]
	at org.springframework.security.web.FilterChainProxy$VirtualFilterChain.doFilter(FilterChainProxy.java:336) ~[spring-security-web-5.5.1.jar:5.5.1]
	at org.springframework.security.web.context.SecurityContextPersistenceFilter.doFilter(SecurityContextPersistenceFilter.java:110) ~[spring-security-web-5.5.1.jar:5.5.1]
	at org.springframework.security.web.context.SecurityContextPersistenceFilter.doFilter(SecurityContextPersistenceFilter.java:80) ~[spring-security-web-5.5.1.jar:5.5.1]
	at org.springframework.security.web.FilterChainProxy$VirtualFilterChain.doFilter(FilterChainProxy.java:336) ~[spring-security-web-5.5.1.jar:5.5.1]
	at org.springframework.web.filter.OncePerRequestFilter.doFilter(OncePerRequestFilter.java:103) ~[spring-web-5.3.9.jar:5.3.9]
	at org.springframework.security.web.FilterChainProxy$VirtualFilterChain.doFilter(FilterChainProxy.java:336) ~[spring-security-web-5.5.1.jar:5.5.1]
	at org.springframework.security.web.FilterChainProxy.doFilterInternal(FilterChainProxy.java:211) ~[spring-security-web-5.5.1.jar:5.5.1]
	at org.springframework.security.web.FilterChainProxy.doFilter(FilterChainProxy.java:183) ~[spring-security-web-5.5.1.jar:5.5.1]
	at org.springframework.web.filter.DelegatingFilterProxy.invokeDelegate(DelegatingFilterProxy.java:358) ~[spring-web-5.3.9.jar:5.3.9]
	at org.springframework.web.filter.DelegatingFilterProxy.doFilter(DelegatingFilterProxy.java:271) ~[spring-web-5.3.9.jar:5.3.9]
	at org.apache.catalina.core.ApplicationFilterChain.internalDoFilter(ApplicationFilterChain.java:190) ~[tomcat-embed-core-9.0.50.jar:9.0.50]
	at org.apache.catalina.core.ApplicationFilterChain.doFilter(ApplicationFilterChain.java:163) ~[tomcat-embed-core-9.0.50.jar:9.0.50]
	at org.springframework.web.filter.RequestContextFilter.doFilterInternal(RequestContextFilter.java:100) ~[spring-web-5.3.9.jar:5.3.9]
	at org.springframework.web.filter.OncePerRequestFilter.doFilter(OncePerRequestFilter.java:119) ~[spring-web-5.3.9.jar:5.3.9]
	at org.apache.catalina.core.ApplicationFilterChain.internalDoFilter(ApplicationFilterChain.java:190) ~[tomcat-embed-core-9.0.50.jar:9.0.50]
	at org.apache.catalina.core.ApplicationFilterChain.doFilter(ApplicationFilterChain.java:163) ~[tomcat-embed-core-9.0.50.jar:9.0.50]
	at org.springframework.web.filter.OncePerRequestFilter.doFilter(OncePerRequestFilter.java:103) ~[spring-web-5.3.9.jar:5.3.9]
	at org.apache.catalina.core.ApplicationFilterChain.internalDoFilter(ApplicationFilterChain.java:190) ~[tomcat-embed-core-9.0.50.jar:9.0.50]
	at org.apache.catalina.core.ApplicationFilterChain.doFilter(ApplicationFilterChain.java:163) ~[tomcat-embed-core-9.0.50.jar:9.0.50]
	at org.springframework.web.filter.OncePerRequestFilter.doFilter(OncePerRequestFilter.java:103) ~[spring-web-5.3.9.jar:5.3.9]
	at org.apache.catalina.core.ApplicationFilterChain.internalDoFilter(ApplicationFilterChain.java:190) ~[tomcat-embed-core-9.0.50.jar:9.0.50]
	at org.apache.catalina.core.ApplicationFilterChain.doFilter(ApplicationFilterChain.java:163) ~[tomcat-embed-core-9.0.50.jar:9.0.50]
	at org.apache.catalina.core.ApplicationDispatcher.invoke(ApplicationDispatcher.java:711) ~[tomcat-embed-core-9.0.50.jar:9.0.50]
	at org.apache.catalina.core.ApplicationDispatcher.processRequest(ApplicationDispatcher.java:461) ~[tomcat-embed-core-9.0.50.jar:9.0.50]
	at org.apache.catalina.core.ApplicationDispatcher.doForward(ApplicationDispatcher.java:385) ~[tomcat-embed-core-9.0.50.jar:9.0.50]
	at org.apache.catalina.core.ApplicationDispatcher.forward(ApplicationDispatcher.java:313) ~[tomcat-embed-core-9.0.50.jar:9.0.50]
	at org.apache.catalina.core.StandardHostValve.custom(StandardHostValve.java:398) ~[tomcat-embed-core-9.0.50.jar:9.0.50]
	at org.apache.catalina.core.StandardHostValve.status(StandardHostValve.java:257) ~[tomcat-embed-core-9.0.50.jar:9.0.50]
	at org.apache.catalina.core.StandardHostValve.invoke(StandardHostValve.java:179) ~[tomcat-embed-core-9.0.50.jar:9.0.50]
	at org.apache.catalina.valves.ErrorReportValve.invoke(ErrorReportValve.java:92) ~[tomcat-embed-core-9.0.50.jar:9.0.50]
	at org.apache.catalina.core.StandardEngineValve.invoke(StandardEngineValve.java:78) ~[tomcat-embed-core-9.0.50.jar:9.0.50]
	at org.apache.catalina.connector.CoyoteAdapter.service(CoyoteAdapter.java:357) ~[tomcat-embed-core-9.0.50.jar:9.0.50]
	at org.apache.coyote.http11.Http11Processor.service(Http11Processor.java:382) ~[tomcat-embed-core-9.0.50.jar:9.0.50]
	at org.apache.coyote.AbstractProcessorLight.process(AbstractProcessorLight.java:65) ~[tomcat-embed-core-9.0.50.jar:9.0.50]
	at org.apache.coyote.AbstractProtocol$ConnectionHandler.process(AbstractProtocol.java:893) ~[tomcat-embed-core-9.0.50.jar:9.0.50]
	at org.apache.tomcat.util.net.NioEndpoint$SocketProcessor.doRun(NioEndpoint.java:1723) ~[tomcat-embed-core-9.0.50.jar:9.0.50]
	at org.apache.tomcat.util.net.SocketProcessorBase.run(SocketProcessorBase.java:49) ~[tomcat-embed-core-9.0.50.jar:9.0.50]
	at java.base/java.util.concurrent.ThreadPoolExecutor.runWorker(ThreadPoolExecutor.java:1136) ~[na:na]
	at java.base/java.util.concurrent.ThreadPoolExecutor$Worker.run(ThreadPoolExecutor.java:635) ~[na:na]
	at org.apache.tomcat.util.threads.TaskThread$WrappingRunnable.run(TaskThread.java:61) ~[tomcat-embed-core-9.0.50.jar:9.0.50]
	at java.base/java.lang.Thread.run(Thread.java:833) ~[na:na]
Caused by: org.thymeleaf.exceptions.TemplateInputException: Error resolving template [index.html], template might not exist or might not be accessible by any of the configured Template Resolvers
	at org.thymeleaf.engine.TemplateManager.resolveTemplate(TemplateManager.java:869) ~[thymeleaf-3.0.12.RELEASE.jar:3.0.12.RELEASE]
	at org.thymeleaf.engine.TemplateManager.parseAndProcess(TemplateManager.java:607) ~[thymeleaf-3.0.12.RELEASE.jar:3.0.12.RELEASE]
	at org.thymeleaf.TemplateEngine.process(TemplateEngine.java:1098) ~[thymeleaf-3.0.12.RELEASE.jar:3.0.12.RELEASE]
	at org.thymeleaf.TemplateEngine.process(TemplateEngine.java:1072) ~[thymeleaf-3.0.12.RELEASE.jar:3.0.12.RELEASE]
	at org.thymeleaf.spring5.view.ThymeleafView.renderFragment(ThymeleafView.java:366) ~[thymeleaf-spring5-3.0.12.RELEASE.jar:3.0.12.RELEASE]
	at org.thymeleaf.spring5.view.ThymeleafView.render(ThymeleafView.java:190) ~[thymeleaf-spring5-3.0.12.RELEASE.jar:3.0.12.RELEASE]
	at org.springframework.web.servlet.DispatcherServlet.render(DispatcherServlet.java:1397) ~[spring-webmvc-5.3.9.jar:5.3.9]
	at org.springframework.web.servlet.DispatcherServlet.processDispatchResult(DispatcherServlet.java:1142) ~[spring-webmvc-5.3.9.jar:5.3.9]
	at org.springframework.web.servlet.DispatcherServlet.doDispatch(DispatcherServlet.java:1081) ~[spring-webmvc-5.3.9.jar:5.3.9]
	at org.springframework.web.servlet.DispatcherServlet.doService(DispatcherServlet.java:963) ~[spring-webmvc-5.3.9.jar:5.3.9]
	at org.springframework.web.servlet.FrameworkServlet.processRequest(FrameworkServlet.java:1006) ~[spring-webmvc-5.3.9.jar:5.3.9]
	... 79 common frames omitted

2023-01-23 19:10:49.730 DEBUG 20080 --- [http-nio-8080-exec-3] o.s.security.web.FilterChainProxy        : Securing GET /
2023-01-23 19:10:49.731 DEBUG 20080 --- [http-nio-8080-exec-3] s.s.w.c.SecurityContextPersistenceFilter : Set SecurityContextHolder to empty SecurityContext
2023-01-23 19:10:49.731 DEBUG 20080 --- [http-nio-8080-exec-3] o.s.s.w.a.AnonymousAuthenticationFilter  : Set SecurityContextHolder to anonymous SecurityContext
2023-01-23 19:10:49.731 DEBUG 20080 --- [http-nio-8080-exec-3] o.s.s.w.session.SessionManagementFilter  : Request requested invalid session id EEEC683765BBB20D8DBA6441B06BB18D
2023-01-23 19:10:49.732 DEBUG 20080 --- [http-nio-8080-exec-3] o.s.s.w.a.i.FilterSecurityInterceptor    : Authorized filter invocation [GET /] with attributes [permitAll]
2023-01-23 19:10:49.732 DEBUG 20080 --- [http-nio-8080-exec-3] o.s.security.web.FilterChainProxy        : Secured GET /
2023-01-23 19:10:49.998 DEBUG 20080 --- [http-nio-8080-exec-3] w.c.HttpSessionSecurityContextRepository : Did not store anonymous SecurityContext
2023-01-23 19:10:50.000 DEBUG 20080 --- [http-nio-8080-exec-3] w.c.HttpSessionSecurityContextRepository : Did not store anonymous SecurityContext
2023-01-23 19:10:50.000 DEBUG 20080 --- [http-nio-8080-exec-3] s.s.w.c.SecurityContextPersistenceFilter : Cleared SecurityContextHolder to complete request
2023-01-23 19:10:50.040 DEBUG 20080 --- [http-nio-8080-exec-2] o.s.security.web.FilterChainProxy        : Securing GET /images/spring-learning.jpg
2023-01-23 19:10:50.041 DEBUG 20080 --- [http-nio-8080-exec-2] s.s.w.c.SecurityContextPersistenceFilter : Set SecurityContextHolder to empty SecurityContext
2023-01-23 19:10:50.041 DEBUG 20080 --- [http-nio-8080-exec-2] o.s.s.w.a.AnonymousAuthenticationFilter  : Set SecurityContextHolder to anonymous SecurityContext
2023-01-23 19:10:50.042 DEBUG 20080 --- [http-nio-8080-exec-2] o.s.s.w.a.i.FilterSecurityInterceptor    : Authorized filter invocation [GET /images/spring-learning.jpg] with attributes [permitAll]
2023-01-23 19:10:50.042 DEBUG 20080 --- [http-nio-8080-exec-2] o.s.security.web.FilterChainProxy        : Secured GET /images/spring-learning.jpg
2023-01-23 19:10:50.046 DEBUG 20080 --- [http-nio-8080-exec-2] w.c.HttpSessionSecurityContextRepository : Did not store anonymous SecurityContext
2023-01-23 19:10:50.047 DEBUG 20080 --- [http-nio-8080-exec-2] w.c.HttpSessionSecurityContextRepository : Did not store anonymous SecurityContext
2023-01-23 19:10:50.047 DEBUG 20080 --- [http-nio-8080-exec-2] s.s.w.c.SecurityContextPersistenceFilter : Cleared SecurityContextHolder to complete request
2023-01-23 19:10:50.048 DEBUG 20080 --- [http-nio-8080-exec-2] o.s.security.web.FilterChainProxy        : Securing GET /error
2023-01-23 19:10:50.048 DEBUG 20080 --- [http-nio-8080-exec-2] s.s.w.c.SecurityContextPersistenceFilter : Set SecurityContextHolder to empty SecurityContext
2023-01-23 19:10:50.048 DEBUG 20080 --- [http-nio-8080-exec-2] o.s.s.w.a.AnonymousAuthenticationFilter  : Set SecurityContextHolder to anonymous SecurityContext
2023-01-23 19:10:50.048 DEBUG 20080 --- [http-nio-8080-exec-2] o.s.security.web.FilterChainProxy        : Secured GET /error
2023-01-23 19:10:50.102 DEBUG 20080 --- [http-nio-8080-exec-2] w.c.HttpSessionSecurityContextRepository : Did not store anonymous SecurityContext
2023-01-23 19:10:50.106 DEBUG 20080 --- [http-nio-8080-exec-2] w.c.HttpSessionSecurityContextRepository : Did not store anonymous SecurityContext
2023-01-23 19:10:50.107 DEBUG 20080 --- [http-nio-8080-exec-2] s.s.w.c.SecurityContextPersistenceFilter : Cleared SecurityContextHolder to complete request
2023-01-23 19:10:50.427 DEBUG 20080 --- [http-nio-8080-exec-6] o.s.security.web.FilterChainProxy        : Securing GET /login
2023-01-23 19:10:50.427 DEBUG 20080 --- [http-nio-8080-exec-6] s.s.w.c.SecurityContextPersistenceFilter : Set SecurityContextHolder to empty SecurityContext
2023-01-23 19:10:50.428 DEBUG 20080 --- [http-nio-8080-exec-6] o.s.s.w.a.AnonymousAuthenticationFilter  : Set SecurityContextHolder to anonymous SecurityContext
2023-01-23 19:10:50.428 DEBUG 20080 --- [http-nio-8080-exec-6] o.s.s.w.a.i.FilterSecurityInterceptor    : Authorized filter invocation [GET /login] with attributes [permitAll]
2023-01-23 19:10:50.429 DEBUG 20080 --- [http-nio-8080-exec-6] o.s.security.web.FilterChainProxy        : Secured GET /login
2023-01-23 19:10:50.446 DEBUG 20080 --- [http-nio-8080-exec-6] w.c.HttpSessionSecurityContextRepository : Did not store anonymous SecurityContext
2023-01-23 19:10:50.447 DEBUG 20080 --- [http-nio-8080-exec-6] w.c.HttpSessionSecurityContextRepository : Did not store anonymous SecurityContext
2023-01-23 19:10:50.448 DEBUG 20080 --- [http-nio-8080-exec-6] s.s.w.c.SecurityContextPersistenceFilter : Cleared SecurityContextHolder to complete request
2023-01-23 19:10:50.521 DEBUG 20080 --- [http-nio-8080-exec-5] o.s.security.web.FilterChainProxy        : Securing GET /images/TacoCloud.png
2023-01-23 19:10:50.521 DEBUG 20080 --- [http-nio-8080-exec-5] s.s.w.c.SecurityContextPersistenceFilter : Set SecurityContextHolder to empty SecurityContext
2023-01-23 19:10:50.522 DEBUG 20080 --- [http-nio-8080-exec-5] o.s.s.w.a.AnonymousAuthenticationFilter  : Set SecurityContextHolder to anonymous SecurityContext
2023-01-23 19:10:50.523 DEBUG 20080 --- [http-nio-8080-exec-5] o.s.s.w.a.i.FilterSecurityInterceptor    : Authorized filter invocation [GET /images/TacoCloud.png] with attributes [permitAll]
2023-01-23 19:10:50.523 DEBUG 20080 --- [http-nio-8080-exec-5] o.s.security.web.FilterChainProxy        : Secured GET /images/TacoCloud.png
2023-01-23 19:10:50.528 DEBUG 20080 --- [http-nio-8080-exec-5] w.c.HttpSessionSecurityContextRepository : Did not store anonymous SecurityContext
2023-01-23 19:10:50.528 DEBUG 20080 --- [http-nio-8080-exec-5] w.c.HttpSessionSecurityContextRepository : Did not store anonymous SecurityContext
2023-01-23 19:10:50.529 DEBUG 20080 --- [http-nio-8080-exec-5] s.s.w.c.SecurityContextPersistenceFilter : Cleared SecurityContextHolder to complete request
2023-01-23 19:10:50.529 DEBUG 20080 --- [http-nio-8080-exec-5] o.s.security.web.FilterChainProxy        : Securing GET /error
2023-01-23 19:10:50.529 DEBUG 20080 --- [http-nio-8080-exec-5] s.s.w.c.SecurityContextPersistenceFilter : Set SecurityContextHolder to empty SecurityContext
2023-01-23 19:10:50.530 DEBUG 20080 --- [http-nio-8080-exec-5] o.s.s.w.a.AnonymousAuthenticationFilter  : Set SecurityContextHolder to anonymous SecurityContext
2023-01-23 19:10:50.530 DEBUG 20080 --- [http-nio-8080-exec-5] o.s.security.web.FilterChainProxy        : Secured GET /error
2023-01-23 19:10:50.532 DEBUG 20080 --- [http-nio-8080-exec-5] w.c.HttpSessionSecurityContextRepository : Did not store anonymous SecurityContext
2023-01-23 19:10:50.534 DEBUG 20080 --- [http-nio-8080-exec-5] w.c.HttpSessionSecurityContextRepository : Did not store anonymous SecurityContext
2023-01-23 19:10:50.535 DEBUG 20080 --- [http-nio-8080-exec-5] s.s.w.c.SecurityContextPersistenceFilter : Cleared SecurityContextHolder to complete request
